Copyright 1986-2018 Xilinx, Inc. All Rights Reserved.
-----------------------------------------------------------------------------------------
| Tool Version : Vivado v.2018.2 (win64) Build 2258646 Thu Jun 14 20:03:12 MDT 2018
| Date         : Sat Oct 31 04:57:32 2020
| Host         : DESKTOP-RMA0D9F running 64-bit major release  (build 9200)
| Command      : report_clock_utilization -file Top_Student_clock_utilization_routed.rpt
| Design       : Top_Student
| Device       : 7a35t-cpg236
| Speed File   : -1  PRODUCTION 1.22 2018-03-21
-----------------------------------------------------------------------------------------

Clock Utilization Report

Table of Contents
-----------------
1. Clock Primitive Utilization
2. Global Clock Resources
3. Global Clock Source Details
4. Local Clock Details
5. Clock Regions: Key Resource Utilization
6. Clock Regions : Global Clock Summary
7. Device Cell Placement Summary for Global Clock g0
8. Device Cell Placement Summary for Global Clock g1
9. Device Cell Placement Summary for Global Clock g2
10. Device Cell Placement Summary for Global Clock g3
11. Device Cell Placement Summary for Global Clock g4
12. Device Cell Placement Summary for Global Clock g5
13. Device Cell Placement Summary for Global Clock g6
14. Device Cell Placement Summary for Global Clock g7
15. Clock Region Cell Placement per Global Clock: Region X0Y0
16. Clock Region Cell Placement per Global Clock: Region X1Y0
17. Clock Region Cell Placement per Global Clock: Region X0Y1
18. Clock Region Cell Placement per Global Clock: Region X1Y1

1. Clock Primitive Utilization
------------------------------

+----------+------+-----------+-----+--------------+--------+
| Type     | Used | Available | LOC | Clock Region | Pblock |
+----------+------+-----------+-----+--------------+--------+
| BUFGCTRL |    8 |        32 |   0 |            0 |      0 |
| BUFH     |    0 |        72 |   0 |            0 |      0 |
| BUFIO    |    0 |        20 |   0 |            0 |      0 |
| BUFMR    |    0 |        10 |   0 |            0 |      0 |
| BUFR     |    0 |        20 |   0 |            0 |      0 |
| MMCM     |    0 |         5 |   0 |            0 |      0 |
| PLL      |    0 |         5 |   0 |            0 |      0 |
+----------+------+-----------+-----+--------------+--------+


2. Global Clock Resources
-------------------------

+-----------+-----------+-----------------+------------+---------------+--------------+-------------------+-------------+-----------------+--------------+-------------+------------------------------+-----------------------+
| Global Id | Source Id | Driver Type/Pin | Constraint | Site          | Clock Region | Load Clock Region | Clock Loads | Non-Clock Loads | Clock Period | Clock       | Driver Pin                   | Net                   |
+-----------+-----------+-----------------+------------+---------------+--------------+-------------------+-------------+-----------------+--------------+-------------+------------------------------+-----------------------+
| g0        | src0      | BUFG/O          | None       | BUFGCTRL_X0Y1 | n/a          |                 4 |         848 |               0 |       10.000 | sys_clk_pin | basys_clock_IBUF_BUFG_inst/O | basys_clock_IBUF_BUFG |
| g1        | src1      | BUFG/O          | None       | BUFGCTRL_X0Y2 | n/a          |                 2 |         162 |               0 |              |             | clk6p25m_BUFG_inst/O         | clk6p25m_BUFG         |
| g2        | src2      | BUFG/O          | None       | BUFGCTRL_X0Y0 | n/a          |                 3 |          49 |              26 |              |             | I_MIC3_Pin1_OBUF_BUFG_inst/O | I_MIC3_Pin1_OBUF_BUFG |
| g3        | src3      | BUFG/O          | None       | BUFGCTRL_X0Y3 | n/a          |                 2 |          44 |               0 |              |             | menuSelect_clk_BUFG_inst/O   | menuSelect_clk_BUFG   |
| g4        | src4      | BUFG/O          | None       | BUFGCTRL_X0Y5 | n/a          |                 1 |          44 |               0 |              |             | reset_reg[0]_i_2__0/O        | mic1_dist/clk_out     |
| g5        | src5      | BUFG/O          | None       | BUFGCTRL_X0Y4 | n/a          |                 1 |          44 |               0 |              |             | reset_reg[0]_i_2/O           | mic2_dist/clk_out     |
| g6        | src6      | BUFG/O          | None       | BUFGCTRL_X0Y6 | n/a          |                 1 |          35 |               0 |              |             | q_reg_i_1/O                  | amplifier/btclk       |
| g7        | src7      | BUFG/O          | None       | BUFGCTRL_X0Y7 | n/a          |                 1 |          35 |               0 |              |             | reset_reg[0]_i_2__1/O        | amplifier/c20khz      |
+-----------+-----------+-----------------+------------+---------------+--------------+-------------------+-------------+-----------------+--------------+-------------+------------------------------+-----------------------+
* Clock Loads column represents the clock pin loads (pin count)
** Non-Clock Loads column represents the non-clock pin loads (pin count)


3. Global Clock Source Details
------------------------------

+-----------+-----------+-----------------+------------+--------------+--------------+-------------+-----------------+---------------------+--------------+---------------------------------------------------+---------------------------------------------------+
| Source Id | Global Id | Driver Type/Pin | Constraint | Site         | Clock Region | Clock Loads | Non-Clock Loads | Source Clock Period | Source Clock | Driver Pin                                        | Net                                               |
+-----------+-----------+-----------------+------------+--------------+--------------+-------------+-----------------+---------------------+--------------+---------------------------------------------------+---------------------------------------------------+
| src0      | g0        | IBUF/O          | IOB_X1Y26  | IOB_X1Y26    | X1Y0         |           1 |               3 |              10.000 | sys_clk_pin  | basys_clock_IBUF_inst/O                           | basys_clock_IBUF                                  |
| src1      | g1        | FDRE/Q          | None       | SLICE_X36Y55 | X1Y1         |           1 |               3 |                     |              | sizMHz/clk_out_reg/Q                              | sizMHz/clk6p25m                                   |
| src2      | g2        | FDRE/Q          | None       | SLICE_X31Y45 | X0Y0         |           1 |               1 |                     |              | twentyKHz/clk_out_reg/Q                           | twentyKHz/I_MIC3_Pin1_OBUF                        |
| src3      | g3        | LUT2/O          | None       | SLICE_X36Y46 | X1Y0         |           1 |               0 |                     |              | sizMHz/menuSelect_clk_BUFG_inst_i_1/O             | sizMHz/menuSelect_clk                             |
| src4      | g4        | FDRE/Q          | None       | SLICE_X35Y46 | X0Y0         |           1 |               1 |                     |              | nolabel_line116/mic1_dist/clock_hz/clk_out_reg/Q  | nolabel_line116/mic1_dist/clock_hz/clk_out_reg_0  |
| src5      | g5        | FDRE/Q          | None       | SLICE_X31Y46 | X0Y0         |           1 |               1 |                     |              | nolabel_line116/mic2_dist/clock_hz/clk_out_reg/Q  | nolabel_line116/mic2_dist/clock_hz/clk_out_reg_0  |
| src6      | g6        | FDRE/Q          | None       | SLICE_X39Y42 | X1Y0         |           1 |               1 |                     |              | nolabel_line114/amplifier/clock_bt/clk_out_reg/Q  | nolabel_line114/amplifier/clock_bt/clk_out_reg_0  |
| src7      | g7        | FDRE/Q          | None       | SLICE_X31Y44 | X0Y0         |           1 |               1 |                     |              | nolabel_line114/amplifier/twentykhz/clk_out_reg/Q | nolabel_line114/amplifier/twentykhz/clk_out_reg_0 |
+-----------+-----------+-----------------+------------+--------------+--------------+-------------+-----------------+---------------------+--------------+---------------------------------------------------+---------------------------------------------------+
* Clock Loads column represents the clock pin loads (pin count)
** Non-Clock Loads column represents the non-clock pin loads (pin count)


4. Local Clock Details
----------------------

+----------+-----------------+------------+------------------+--------------+-------------+-----------------+--------------+-------+-------------------------------------------------------------------+---------------------------------------------------------------+
| Local Id | Driver Type/Pin | Constraint | Site/BEL         | Clock Region | Clock Loads | Non-Clock Loads | Clock Period | Clock | Driver Pin                                                        | Net                                                           |
+----------+-----------------+------------+------------------+--------------+-------------+-----------------+--------------+-------+-------------------------------------------------------------------+---------------------------------------------------------------||
| 0        | FDRE/Q          | None       | SLICE_X41Y8/AFF  | X1Y0         |          23 |               1 |              |       | nolabel_line114/twentykhz/clk_out_reg/Q                           | nolabel_line114/twentykhz/c20khz_0                            - Static -
| 1        | FDRE/Q          | None       | SLICE_X38Y35/AFF | X1Y0         |          19 |               1 |              |       | oled_debounce/clk_out_reg/Q                                       | oled_debounce/twentyhz                                        - Static -
| 2        | FDRE/Q          | None       | SLICE_X45Y17/AFF | X1Y0         |          15 |               1 |              |       | nolabel_line114/rawdata/clkddd/clk_out_reg/Q                      | nolabel_line114/rawdata/clkddd/CLK                            - Static -
| 3        | FDRE/Q          | None       | SLICE_X63Y9/AFF  | X1Y0         |          14 |               1 |              |       | nolabel_line114/amplifier/seggg/sevsegclk/clk_out_reg/Q           | nolabel_line114/amplifier/seggg/sevsegclk/CLK                 - Static -
| 4        | FDRE/Q          | None       | SLICE_X63Y11/AFF | X1Y0         |          13 |               1 |              |       | nolabel_line114/Aprocess/volume/SevSegOut/sevsegclk/clk_out_reg/Q | nolabel_line114/Aprocess/volume/SevSegOut/sevsegclk/an_reg[0] - Static -
| 5        | FDRE/Q          | None       | SLICE_X64Y8/AFF  | X1Y0         |          13 |               1 |              |       | nolabel_line114/rawdata/segdisp/sevsegclk/clk_out_reg/Q           | nolabel_line114/rawdata/segdisp/sevsegclk/clk_out             - Static -
| 6        | FDRE/Q          | None       | SLICE_X32Y22/AFF | X0Y0         |          12 |               2 |              |       | audio/sclk_reg/Q                                                  | audio/J_MIC3_Pin4_OBUF                                        - Static -
| 7        | FDRE/Q          | None       | SLICE_X52Y62/AFF | X1Y1         |          12 |               2 |              |       | nolabel_line94/sclk_reg/Q                                         | nolabel_line94/I_MIC3_Pin4_OBUF                               - Static -
| 8        | FDRE/Q          | None       | SLICE_X53Y24/AFF | X1Y0         |          11 |               1 |              |       | nolabel_line116/mic1_dist/fivehz/clk_out_reg/Q                    | nolabel_line116/mic1_dist/fivehz/average_bit_tuned_reg[1]     - Static -
| 9        | FDRE/Q          | None       | SLICE_X64Y34/AFF | X1Y0         |          11 |               1 |              |       | nolabel_line116/mic2_dist/fivehz/clk_out_reg/Q                    | nolabel_line116/mic2_dist/fivehz/average_bit_tuned_reg[1]     - Static -
| 10       | FDRE/Q          | None       | SLICE_X42Y24/AFF | X1Y0         |           4 |               1 |              |       | eightHz/clk_out_reg/Q                                             | eightHz/clk8                                                  - Static -
| 11       | FDRE/Q          | None       | SLICE_X59Y11/DFF | X1Y0         |           4 |               1 |              |       | nolabel_line114/Aprocess/fivehz/clk_out_reg/Q                     | nolabel_line114/Aprocess/fivehz/CLK                           - Static -
| 12       | FDRE/Q          | None       | SLICE_X57Y20/AFF | X1Y0         |           2 |               1 |              |       | nolabel_line116/mic1_dist/tune_distance/btclk/clk_out_reg/Q       | nolabel_line116/mic1_dist/tune_distance/btclk/clk             - Static -
| 13       | FDRE/Q          | None       | SLICE_X58Y26/AFF | X1Y0         |           2 |               1 |              |       | nolabel_line116/mic2_dist/tune_distance/btclk/clk_out_reg/Q       | nolabel_line116/mic2_dist/tune_distance/btclk/clk             - Static -
+----------+-----------------+------------+------------------+--------------+-------------+-----------------+--------------+-------+-------------------------------------------------------------------+---------------------------------------------------------------||
* Local Clocks in this context represents only clocks driven by non-global buffers
** Clock Loads column represents the clock pin loads (pin count)
*** Non-Clock Loads column represents the non-clock pin loads (pin count)


5. Clock Regions: Key Resource Utilization
------------------------------------------

+-------------------+--------------+--------------+--------------+--------------+--------------+--------------+--------------+--------------+--------------+--------------+--------------+--------------+--------------+--------------+--------------+
|                   | Global Clock |     BUFRs    |    BUFMRs    |    BUFIOs    |     MMCM     |      PLL     |      GT      |      PCI     |    ILOGIC    |    OLOGIC    |      FF      |     LUTM     |    RAMB18    |    RAMB36    |    DSP48E2   |
+-------------------+------+-------+------+-------+------+-------+------+-------+------+-------+------+-------+------+-------+------+-------+------+-------+------+-------+------+-------+------+-------+------+-------+------+-------+------+-------+
| Clock Region Name | Used | Avail | Used | Avail | Used | Avail | Used | Avail | Used | Avail | Used | Avail | Used | Avail | Used | Avail | Used | Avail | Used | Avail | Used | Avail | Used | Avail | Used | Avail | Used | Avail | Used | Avail |
+-------------------+------+-------+------+-------+------+-------+------+-------+------+-------+------+-------+------+-------+------+-------+------+-------+------+-------+------+-------+------+-------+------+-------+------+-------+------+-------+
| X0Y0              |    2 |    12 |    0 |     4 |    0 |     2 |    0 |     4 |    0 |     1 |    0 |     1 |    0 |     0 |    0 |     0 |    0 |    50 |    0 |    50 |  145 |  1200 |   64 |   400 |    0 |    20 |    0 |    10 |    0 |    20 |
| X1Y0              |    8 |    12 |    0 |     4 |    0 |     2 |    0 |     4 |    0 |     1 |    0 |     1 |    0 |     0 |    0 |     0 |    0 |    50 |    0 |    50 | 1100 |  1500 |  291 |   450 |    0 |    40 |    0 |    20 |    5 |    20 |
| X0Y1              |    1 |    12 |    0 |     4 |    0 |     2 |    0 |     4 |    0 |     1 |    0 |     1 |    0 |     0 |    0 |     0 |    0 |    50 |    0 |    50 |   32 |  1200 |    0 |   400 |    0 |    20 |    0 |    10 |    0 |    20 |
| X1Y1              |    4 |    12 |    0 |     4 |    0 |     2 |    0 |     4 |    0 |     1 |    0 |     1 |    0 |     0 |    0 |     0 |    0 |    50 |    0 |    50 |  134 |  1500 |   39 |   450 |    0 |    40 |    0 |    20 |    0 |    20 |
| X0Y2              |    0 |    12 |    0 |     4 |    0 |     2 |    0 |     4 |    0 |     1 |    0 |     1 |    0 |     0 |    0 |     0 |    0 |    50 |    0 |    50 |    0 |  1800 |    0 |   400 |    0 |    20 |    0 |    10 |    0 |    20 |
| X1Y2              |    0 |    12 |    0 |     0 |    0 |     0 |    0 |     0 |    0 |     0 |    0 |     0 |    0 |     4 |    0 |     1 |    0 |     0 |    0 |     0 |    0 |   950 |    0 |   300 |    0 |    10 |    0 |     5 |    0 |    20 |
+-------------------+------+-------+------+-------+------+-------+------+-------+------+-------+------+-------+------+-------+------+-------+------+-------+------+-------+------+-------+------+-------+------+-------+------+-------+------+-------+
* Global Clock column represents track count; while other columns represents cell counts


6. Clock Regions : Global Clock Summary
---------------------------------------

All Modules
+----+----+----+
|    | X0 | X1 |
+----+----+----+
| Y2 |  0 |  0 |
| Y1 |  1 |  4 |
| Y0 |  2 |  8 |
+----+----+----+


7. Device Cell Placement Summary for Global Clock g0
----------------------------------------------------

+-----------+-----------------+-------------------+-------------+-------------+---------------+-------------+----------+----------------+----------+-----------------------+
| Global Id | Driver Type/Pin | Driver Region (D) | Clock       | Period (ns) | Waveform (ns) | Slice Loads | IO Loads | Clocking Loads | GT Loads | Net                   |
+-----------+-----------------+-------------------+-------------+-------------+---------------+-------------+----------+----------------+----------+-----------------------+
| g0        | BUFG/O          | n/a               | sys_clk_pin |      10.000 | {0.000 5.000} |         848 |        0 |              0 |        0 | basys_clock_IBUF_BUFG |
+-----------+-----------------+-------------------+-------------+-------------+---------------+-------------+----------+----------------+----------+-----------------------+
* Logic Loads column represents load cell count of all cell types other than IO, GT and clock resources
** IO Loads column represents load cell count of IO types
*** Clocking Loads column represents load cell count that are clock resources (global clock buffer, MMCM, PLL, etc)
**** GT Loads column represents load cell count of GT types


+----+------+------+
|    | X0   | X1   |
+----+------+------+
| Y2 |    0 |    0 |
| Y1 |   32 |   14 |
| Y0 |  145 |  657 |
+----+------+------+


8. Device Cell Placement Summary for Global Clock g1
----------------------------------------------------

+-----------+-----------------+-------------------+-------+-------------+---------------+-------------+----------+----------------+----------+---------------+
| Global Id | Driver Type/Pin | Driver Region (D) | Clock | Period (ns) | Waveform (ns) | Slice Loads | IO Loads | Clocking Loads | GT Loads | Net           |
+-----------+-----------------+-------------------+-------+-------------+---------------+-------------+----------+----------------+----------+---------------+
| g1        | BUFG/O          | n/a               |       |             |               |         162 |        0 |              0 |        0 | clk6p25m_BUFG |
+-----------+-----------------+-------------------+-------+-------------+---------------+-------------+----------+----------------+----------+---------------+
* Logic Loads column represents load cell count of all cell types other than IO, GT and clock resources
** IO Loads column represents load cell count of IO types
*** Clocking Loads column represents load cell count that are clock resources (global clock buffer, MMCM, PLL, etc)
**** GT Loads column represents load cell count of GT types


+----+----+------+
|    | X0 | X1   |
+----+----+------+
| Y2 |  0 |    0 |
| Y1 |  0 |  108 |
| Y0 |  0 |   54 |
+----+----+------+


9. Device Cell Placement Summary for Global Clock g2
----------------------------------------------------

+-----------+-----------------+-------------------+-------+-------------+---------------+-------------+----------+----------------+----------+-----------------------+
| Global Id | Driver Type/Pin | Driver Region (D) | Clock | Period (ns) | Waveform (ns) | Slice Loads | IO Loads | Clocking Loads | GT Loads | Net                   |
+-----------+-----------------+-------------------+-------+-------------+---------------+-------------+----------+----------------+----------+-----------------------+
| g2        | BUFG/O          | n/a               |       |             |               |          73 |        2 |              0 |        0 | I_MIC3_Pin1_OBUF_BUFG |
+-----------+-----------------+-------------------+-------+-------------+---------------+-------------+----------+----------------+----------+-----------------------+
* Logic Loads column represents load cell count of all cell types other than IO, GT and clock resources
** IO Loads column represents load cell count of IO types
*** Clocking Loads column represents load cell count that are clock resources (global clock buffer, MMCM, PLL, etc)
**** GT Loads column represents load cell count of GT types


+----+-----+-----+
|    | X0  | X1  |
+----+-----+-----+
| Y2 |   0 |   0 |
| Y1 |   0 |  13 |
| Y0 |  13 |  49 |
+----+-----+-----+


10. Device Cell Placement Summary for Global Clock g3
-----------------------------------------------------

+-----------+-----------------+-------------------+-------+-------------+---------------+-------------+----------+----------------+----------+---------------------+
| Global Id | Driver Type/Pin | Driver Region (D) | Clock | Period (ns) | Waveform (ns) | Slice Loads | IO Loads | Clocking Loads | GT Loads | Net                 |
+-----------+-----------------+-------------------+-------+-------------+---------------+-------------+----------+----------------+----------+---------------------+
| g3        | BUFG/O          | n/a               |       |             |               |          44 |        0 |              0 |        0 | menuSelect_clk_BUFG |
+-----------+-----------------+-------------------+-------+-------------+---------------+-------------+----------+----------------+----------+---------------------+
* Logic Loads column represents load cell count of all cell types other than IO, GT and clock resources
** IO Loads column represents load cell count of IO types
*** Clocking Loads column represents load cell count that are clock resources (global clock buffer, MMCM, PLL, etc)
**** GT Loads column represents load cell count of GT types


+----+----+-----+
|    | X0 | X1  |
+----+----+-----+
| Y2 |  0 |   0 |
| Y1 |  0 |   5 |
| Y0 |  0 |  39 |
+----+----+-----+


11. Device Cell Placement Summary for Global Clock g4
-----------------------------------------------------

+-----------+-----------------+-------------------+-------+-------------+---------------+-------------+----------+----------------+----------+-------------------+
| Global Id | Driver Type/Pin | Driver Region (D) | Clock | Period (ns) | Waveform (ns) | Slice Loads | IO Loads | Clocking Loads | GT Loads | Net               |
+-----------+-----------------+-------------------+-------+-------------+---------------+-------------+----------+----------------+----------+-------------------+
| g4        | BUFG/O          | n/a               |       |             |               |          44 |        0 |              0 |        0 | mic1_dist/clk_out |
+-----------+-----------------+-------------------+-------+-------------+---------------+-------------+----------+----------------+----------+-------------------+
* Logic Loads column represents load cell count of all cell types other than IO, GT and clock resources
** IO Loads column represents load cell count of IO types
*** Clocking Loads column represents load cell count that are clock resources (global clock buffer, MMCM, PLL, etc)
**** GT Loads column represents load cell count of GT types


+----+----+-----+
|    | X0 | X1  |
+----+----+-----+
| Y2 |  0 |   0 |
| Y1 |  0 |   0 |
| Y0 |  0 |  44 |
+----+----+-----+


12. Device Cell Placement Summary for Global Clock g5
-----------------------------------------------------

+-----------+-----------------+-------------------+-------+-------------+---------------+-------------+----------+----------------+----------+-------------------+
| Global Id | Driver Type/Pin | Driver Region (D) | Clock | Period (ns) | Waveform (ns) | Slice Loads | IO Loads | Clocking Loads | GT Loads | Net               |
+-----------+-----------------+-------------------+-------+-------------+---------------+-------------+----------+----------------+----------+-------------------+
| g5        | BUFG/O          | n/a               |       |             |               |          44 |        0 |              0 |        0 | mic2_dist/clk_out |
+-----------+-----------------+-------------------+-------+-------------+---------------+-------------+----------+----------------+----------+-------------------+
* Logic Loads column represents load cell count of all cell types other than IO, GT and clock resources
** IO Loads column represents load cell count of IO types
*** Clocking Loads column represents load cell count that are clock resources (global clock buffer, MMCM, PLL, etc)
**** GT Loads column represents load cell count of GT types


+----+----+-----+
|    | X0 | X1  |
+----+----+-----+
| Y2 |  0 |   0 |
| Y1 |  0 |   0 |
| Y0 |  0 |  44 |
+----+----+-----+


13. Device Cell Placement Summary for Global Clock g6
-----------------------------------------------------

+-----------+-----------------+-------------------+-------+-------------+---------------+-------------+----------+----------------+----------+-----------------+
| Global Id | Driver Type/Pin | Driver Region (D) | Clock | Period (ns) | Waveform (ns) | Slice Loads | IO Loads | Clocking Loads | GT Loads | Net             |
+-----------+-----------------+-------------------+-------+-------------+---------------+-------------+----------+----------------+----------+-----------------+
| g6        | BUFG/O          | n/a               |       |             |               |          35 |        0 |              0 |        0 | amplifier/btclk |
+-----------+-----------------+-------------------+-------+-------------+---------------+-------------+----------+----------------+----------+-----------------+
* Logic Loads column represents load cell count of all cell types other than IO, GT and clock resources
** IO Loads column represents load cell count of IO types
*** Clocking Loads column represents load cell count that are clock resources (global clock buffer, MMCM, PLL, etc)
**** GT Loads column represents load cell count of GT types


+----+----+-----+
|    | X0 | X1  |
+----+----+-----+
| Y2 |  0 |   0 |
| Y1 |  0 |   0 |
| Y0 |  0 |  35 |
+----+----+-----+


14. Device Cell Placement Summary for Global Clock g7
-----------------------------------------------------

+-----------+-----------------+-------------------+-------+-------------+---------------+-------------+----------+----------------+----------+------------------+
| Global Id | Driver Type/Pin | Driver Region (D) | Clock | Period (ns) | Waveform (ns) | Slice Loads | IO Loads | Clocking Loads | GT Loads | Net              |
+-----------+-----------------+-------------------+-------+-------------+---------------+-------------+----------+----------------+----------+------------------+
| g7        | BUFG/O          | n/a               |       |             |               |          35 |        0 |              0 |        0 | amplifier/c20khz |
+-----------+-----------------+-------------------+-------+-------------+---------------+-------------+----------+----------------+----------+------------------+
* Logic Loads column represents load cell count of all cell types other than IO, GT and clock resources
** IO Loads column represents load cell count of IO types
*** Clocking Loads column represents load cell count that are clock resources (global clock buffer, MMCM, PLL, etc)
**** GT Loads column represents load cell count of GT types


+----+----+-----+
|    | X0 | X1  |
+----+----+-----+
| Y2 |  0 |   0 |
| Y1 |  0 |   0 |
| Y0 |  0 |  35 |
+----+----+-----+


15. Clock Region Cell Placement per Global Clock: Region X0Y0
-------------------------------------------------------------

+-----------+-------+-----------------+------------+-------------+-----------------+-----+--------+------+-----+----+------+-----+---------+-----------------------+
| Global Id | Track | Driver Type/Pin | Constraint | Clock Loads | Non-Clock Loads | FF  | LUTRAM | RAMB | DSP | GT | MMCM | PLL | Hard IP | Net                   |
+-----------+-------+-----------------+------------+-------------+-----------------+-----+--------+------+-----+----+------+-----+---------+-----------------------+
| g0        | n/a   | BUFG/O          | None       |         145 |               0 | 145 |      0 |    0 |   0 |  0 |    0 |   0 |       0 | basys_clock_IBUF_BUFG |
| g2        | n/a   | BUFG/O          | None       |           0 |              13 |  12 |      0 |    0 |   0 |  0 |    0 |   0 |       0 | I_MIC3_Pin1_OBUF_BUFG |
+-----------+-------+-----------------+------------+-------------+-----------------+-----+--------+------+-----+----+------+-----+---------+-----------------------+
* Clock Loads column represents the clock pin loads (pin count)
** Non-Clock Loads column represents the non-clock pin loads (pin count)
*** Columns FF, LUTRAM, RAMB through 'Hard IP' represents load cell counts


16. Clock Region Cell Placement per Global Clock: Region X1Y0
-------------------------------------------------------------

+-----------+-------+-----------------+------------+-------------+-----------------+-----+--------+------+-----+----+------+-----+---------+-----------------------+
| Global Id | Track | Driver Type/Pin | Constraint | Clock Loads | Non-Clock Loads | FF  | LUTRAM | RAMB | DSP | GT | MMCM | PLL | Hard IP | Net                   |
+-----------+-------+-----------------+------------+-------------+-----------------+-----+--------+------+-----+----+------+-----+---------+-----------------------+
| g0        | n/a   | BUFG/O          | None       |         657 |               0 | 655 |      0 |    0 |   2 |  0 |    0 |   0 |       0 | basys_clock_IBUF_BUFG |
| g1        | n/a   | BUFG/O          | None       |          54 |               0 |  54 |      0 |    0 |   0 |  0 |    0 |   0 |       0 | clk6p25m_BUFG         |
| g2        | n/a   | BUFG/O          | None       |          49 |               0 |  48 |      0 |    0 |   1 |  0 |    0 |   0 |       0 | I_MIC3_Pin1_OBUF_BUFG |
| g3        | n/a   | BUFG/O          | None       |          39 |               0 |  39 |      0 |    0 |   0 |  0 |    0 |   0 |       0 | menuSelect_clk_BUFG   |
| g4        | n/a   | BUFG/O          | None       |          44 |               0 |  43 |      0 |    0 |   1 |  0 |    0 |   0 |       0 | mic1_dist/clk_out     |
| g5        | n/a   | BUFG/O          | None       |          44 |               0 |  43 |      0 |    0 |   1 |  0 |    0 |   0 |       0 | mic2_dist/clk_out     |
| g6        | n/a   | BUFG/O          | None       |          35 |               0 |  35 |      0 |    0 |   0 |  0 |    0 |   0 |       0 | amplifier/btclk       |
| g7        | n/a   | BUFG/O          | None       |          35 |               0 |  35 |      0 |    0 |   0 |  0 |    0 |   0 |       0 | amplifier/c20khz      |
+-----------+-------+-----------------+------------+-------------+-----------------+-----+--------+------+-----+----+------+-----+---------+-----------------------+
* Clock Loads column represents the clock pin loads (pin count)
** Non-Clock Loads column represents the non-clock pin loads (pin count)
*** Columns FF, LUTRAM, RAMB through 'Hard IP' represents load cell counts


17. Clock Region Cell Placement per Global Clock: Region X0Y1
-------------------------------------------------------------

+-----------+-------+-----------------+------------+-------------+-----------------+----+--------+------+-----+----+------+-----+---------+-----------------------+
| Global Id | Track | Driver Type/Pin | Constraint | Clock Loads | Non-Clock Loads | FF | LUTRAM | RAMB | DSP | GT | MMCM | PLL | Hard IP | Net                   |
+-----------+-------+-----------------+------------+-------------+-----------------+----+--------+------+-----+----+------+-----+---------+-----------------------+
| g0        | n/a   | BUFG/O          | None       |          32 |               0 | 32 |      0 |    0 |   0 |  0 |    0 |   0 |       0 | basys_clock_IBUF_BUFG |
+-----------+-------+-----------------+------------+-------------+-----------------+----+--------+------+-----+----+------+-----+---------+-----------------------+
* Clock Loads column represents the clock pin loads (pin count)
** Non-Clock Loads column represents the non-clock pin loads (pin count)
*** Columns FF, LUTRAM, RAMB through 'Hard IP' represents load cell counts


18. Clock Region Cell Placement per Global Clock: Region X1Y1
-------------------------------------------------------------

+-----------+-------+-----------------+------------+-------------+-----------------+-----+--------+------+-----+----+------+-----+---------+-----------------------+
| Global Id | Track | Driver Type/Pin | Constraint | Clock Loads | Non-Clock Loads | FF  | LUTRAM | RAMB | DSP | GT | MMCM | PLL | Hard IP | Net                   |
+-----------+-------+-----------------+------------+-------------+-----------------+-----+--------+------+-----+----+------+-----+---------+-----------------------+
| g0        | n/a   | BUFG/O          | None       |          14 |               0 |  14 |      0 |    0 |   0 |  0 |    0 |   0 |       0 | basys_clock_IBUF_BUFG |
| g1        | n/a   | BUFG/O          | None       |         108 |               0 | 108 |      0 |    0 |   0 |  0 |    0 |   0 |       0 | clk6p25m_BUFG         |
| g2        | n/a   | BUFG/O          | None       |           0 |              13 |  12 |      0 |    0 |   0 |  0 |    0 |   0 |       0 | I_MIC3_Pin1_OBUF_BUFG |
| g3        | n/a   | BUFG/O          | None       |           5 |               0 |   5 |      0 |    0 |   0 |  0 |    0 |   0 |       0 | menuSelect_clk_BUFG   |
+-----------+-------+-----------------+------------+-------------+-----------------+-----+--------+------+-----+----+------+-----+---------+-----------------------+
* Clock Loads column represents the clock pin loads (pin count)
** Non-Clock Loads column represents the non-clock pin loads (pin count)
*** Columns FF, LUTRAM, RAMB through 'Hard IP' represents load cell counts



# Location of BUFG Primitives 
set_property LOC BUFGCTRL_X0Y4 [get_cells reset_reg[0]_i_2]
set_property LOC BUFGCTRL_X0Y5 [get_cells reset_reg[0]_i_2__0]
set_property LOC BUFGCTRL_X0Y3 [get_cells menuSelect_clk_BUFG_inst]
set_property LOC BUFGCTRL_X0Y2 [get_cells clk6p25m_BUFG_inst]
set_property LOC BUFGCTRL_X0Y1 [get_cells basys_clock_IBUF_BUFG_inst]
set_property LOC BUFGCTRL_X0Y7 [get_cells reset_reg[0]_i_2__1]
set_property LOC BUFGCTRL_X0Y6 [get_cells q_reg_i_1]
set_property LOC BUFGCTRL_X0Y0 [get_cells I_MIC3_Pin1_OBUF_BUFG_inst]

# Location of IO Primitives which is load of clock spine
set_property LOC IOB_X0Y25 [get_cells J_MIC3_Pin1_OBUF_inst]
set_property LOC IOB_X1Y86 [get_cells I_MIC3_Pin1_OBUF_inst]

# Location of clock ports
set_property LOC IOB_X1Y26 [get_ports basys_clock]

# Clock net "mic2_dist/clk_out" driven by instance "reset_reg[0]_i_2" located at site "BUFGCTRL_X0Y4"
#startgroup
create_pblock {CLKAG_mic2_dist/clk_out}
add_cells_to_pblock [get_pblocks  {CLKAG_mic2_dist/clk_out}] [get_cells -filter { PRIMITIVE_GROUP != I/O && IS_PRIMITIVE==1 && PRIMITIVE_LEVEL !=INTERNAL } -of_object [get_pins -filter {DIRECTION==IN} -of_objects [get_nets -hierarchical -filter {PARENT=="mic2_dist/clk_out"}]]]
resize_pblock [get_pblocks {CLKAG_mic2_dist/clk_out}] -add {CLOCKREGION_X1Y0:CLOCKREGION_X1Y0}
#endgroup

# Clock net "mic1_dist/clk_out" driven by instance "reset_reg[0]_i_2__0" located at site "BUFGCTRL_X0Y5"
#startgroup
create_pblock {CLKAG_mic1_dist/clk_out}
add_cells_to_pblock [get_pblocks  {CLKAG_mic1_dist/clk_out}] [get_cells -filter { PRIMITIVE_GROUP != I/O && IS_PRIMITIVE==1 && PRIMITIVE_LEVEL !=INTERNAL } -of_object [get_pins -filter {DIRECTION==IN} -of_objects [get_nets -hierarchical -filter {PARENT=="mic1_dist/clk_out"}]]]
resize_pblock [get_pblocks {CLKAG_mic1_dist/clk_out}] -add {CLOCKREGION_X1Y0:CLOCKREGION_X1Y0}
#endgroup

# Clock net "menuSelect_clk_BUFG" driven by instance "menuSelect_clk_BUFG_inst" located at site "BUFGCTRL_X0Y3"
#startgroup
create_pblock {CLKAG_menuSelect_clk_BUFG}
add_cells_to_pblock [get_pblocks  {CLKAG_menuSelect_clk_BUFG}] [get_cells -filter { PRIMITIVE_GROUP != I/O && IS_PRIMITIVE==1 && PRIMITIVE_LEVEL !=INTERNAL } -of_object [get_pins -filter {DIRECTION==IN} -of_objects [get_nets -hierarchical -filter {PARENT=="menuSelect_clk_BUFG"}]]]
resize_pblock [get_pblocks {CLKAG_menuSelect_clk_BUFG}] -add {CLOCKREGION_X1Y0:CLOCKREGION_X1Y0 CLOCKREGION_X1Y1:CLOCKREGION_X1Y1}
#endgroup

# Clock net "clk6p25m_BUFG" driven by instance "clk6p25m_BUFG_inst" located at site "BUFGCTRL_X0Y2"
#startgroup
create_pblock {CLKAG_clk6p25m_BUFG}
add_cells_to_pblock [get_pblocks  {CLKAG_clk6p25m_BUFG}] [get_cells -filter { PRIMITIVE_GROUP != I/O && IS_PRIMITIVE==1 && PRIMITIVE_LEVEL !=INTERNAL } -of_object [get_pins -filter {DIRECTION==IN} -of_objects [get_nets -hierarchical -filter {PARENT=="clk6p25m_BUFG"}]]]
resize_pblock [get_pblocks {CLKAG_clk6p25m_BUFG}] -add {CLOCKREGION_X1Y0:CLOCKREGION_X1Y0 CLOCKREGION_X1Y1:CLOCKREGION_X1Y1}
#endgroup

# Clock net "basys_clock_IBUF_BUFG" driven by instance "basys_clock_IBUF_BUFG_inst" located at site "BUFGCTRL_X0Y1"
#startgroup
create_pblock {CLKAG_basys_clock_IBUF_BUFG}
add_cells_to_pblock [get_pblocks  {CLKAG_basys_clock_IBUF_BUFG}] [get_cells -filter { PRIMITIVE_GROUP != I/O && IS_PRIMITIVE==1 && PRIMITIVE_LEVEL !=INTERNAL } -of_object [get_pins -filter {DIRECTION==IN} -of_objects [get_nets -hierarchical -filter {PARENT=="basys_clock_IBUF_BUFG"}]]]
resize_pblock [get_pblocks {CLKAG_basys_clock_IBUF_BUFG}] -add {CLOCKREGION_X0Y0:CLOCKREGION_X0Y0 CLOCKREGION_X0Y1:CLOCKREGION_X0Y1 CLOCKREGION_X1Y0:CLOCKREGION_X1Y0 CLOCKREGION_X1Y1:CLOCKREGION_X1Y1}
#endgroup

# Clock net "amplifier/c20khz" driven by instance "reset_reg[0]_i_2__1" located at site "BUFGCTRL_X0Y7"
#startgroup
create_pblock {CLKAG_amplifier/c20khz}
add_cells_to_pblock [get_pblocks  {CLKAG_amplifier/c20khz}] [get_cells -filter { PRIMITIVE_GROUP != I/O && IS_PRIMITIVE==1 && PRIMITIVE_LEVEL !=INTERNAL } -of_object [get_pins -filter {DIRECTION==IN} -of_objects [get_nets -hierarchical -filter {PARENT=="amplifier/c20khz"}]]]
resize_pblock [get_pblocks {CLKAG_amplifier/c20khz}] -add {CLOCKREGION_X1Y0:CLOCKREGION_X1Y0}
#endgroup

# Clock net "amplifier/btclk" driven by instance "q_reg_i_1" located at site "BUFGCTRL_X0Y6"
#startgroup
create_pblock {CLKAG_amplifier/btclk}
add_cells_to_pblock [get_pblocks  {CLKAG_amplifier/btclk}] [get_cells -filter { PRIMITIVE_GROUP != I/O && IS_PRIMITIVE==1 && PRIMITIVE_LEVEL !=INTERNAL } -of_object [get_pins -filter {DIRECTION==IN} -of_objects [get_nets -hierarchical -filter {PARENT=="amplifier/btclk"}]]]
resize_pblock [get_pblocks {CLKAG_amplifier/btclk}] -add {CLOCKREGION_X1Y0:CLOCKREGION_X1Y0}
#endgroup

# Clock net "I_MIC3_Pin1_OBUF_BUFG" driven by instance "I_MIC3_Pin1_OBUF_BUFG_inst" located at site "BUFGCTRL_X0Y0"
#startgroup
create_pblock {CLKAG_I_MIC3_Pin1_OBUF_BUFG}
add_cells_to_pblock [get_pblocks  {CLKAG_I_MIC3_Pin1_OBUF_BUFG}] [get_cells -filter { PRIMITIVE_GROUP != I/O && IS_PRIMITIVE==1 && PRIMITIVE_LEVEL !=INTERNAL && NAME!=J_MIC3_Pin1_OBUF_inst && NAME!=I_MIC3_Pin1_OBUF_inst} -of_object [get_pins -filter {DIRECTION==IN} -of_objects [get_nets -hierarchical -filter {PARENT=="I_MIC3_Pin1_OBUF_BUFG"}]]]
resize_pblock [get_pblocks {CLKAG_I_MIC3_Pin1_OBUF_BUFG}] -add {CLOCKREGION_X0Y0:CLOCKREGION_X0Y0 CLOCKREGION_X1Y0:CLOCKREGION_X1Y0 CLOCKREGION_X1Y1:CLOCKREGION_X1Y1}
#endgroup
